<?xml version="1.0" encoding="UTF-8"?>
<!-- Generated by org.testng.reporters.JUnitXMLReporter -->
<testsuite ignored="0" hostname="WIN-43M2VC81MP2" failures="0" tests="5" name="Default test" time="7.308" errors="0" timestamp="05 Jul 2022 11:17:22 GMT">
  <testcase classname="project2.file" name="postMani" time="2.286"/>
  <testcase classname="project2.file" name="loginMani" time="1.27"/>
  <testcase classname="project2.file" name="putManikanta" time="1.214"/>
  <testcase classname="project2.file" name="deleteManikanta" time="1.263"/>
  <testcase classname="project2.file" name="getManikanta" time="1.247"/>
</testsuite> <!-- Default test -->
